State 16 conflicts: 4 shift/reduce


Grammar

    0 $accept: S $end

    1 S: P S
    2  | /* empty */

    3 P: E
    4  | '(' E ')'

    5 E: Num
    6  | P OP P

    7 OP: '^'
    8   | '*'
    9   | '/'
   10   | '+'


Terminals, with rules where they appear

$end (0) 0
'(' (40) 4
')' (41) 4
'*' (42) 8
'+' (43) 10
'/' (47) 9
'^' (94) 7
error (256)
Num (258) 5


Nonterminals, with rules where they appear

$accept (10)
    on left: 0
S (11)
    on left: 1 2, on right: 0 1
P (12)
    on left: 3 4, on right: 1 6
E (13)
    on left: 5 6, on right: 3 4
OP (14)
    on left: 7 8 9 10, on right: 6


state 0

    0 $accept: . S $end

    Num  shift, and go to state 1
    '('  shift, and go to state 2

    $default  reduce using rule 2 (S)

    S  go to state 3
    P  go to state 4
    E  go to state 5


state 1

    5 E: Num .

    $default  reduce using rule 5 (E)


state 2

    4 P: '(' . E ')'

    Num  shift, and go to state 1
    '('  shift, and go to state 2

    P  go to state 6
    E  go to state 7


state 3

    0 $accept: S . $end

    $end  shift, and go to state 8


state 4

    1 S: P . S
    6 E: P . OP P

    '+'  shift, and go to state 9
    Num  shift, and go to state 1
    '*'  shift, and go to state 10
    '/'  shift, and go to state 11
    '^'  shift, and go to state 12
    '('  shift, and go to state 2

    $default  reduce using rule 2 (S)

    S   go to state 13
    P   go to state 4
    E   go to state 5
    OP  go to state 14


state 5

    3 P: E .

    $default  reduce using rule 3 (P)


state 6

    6 E: P . OP P

    '+'  shift, and go to state 9
    '*'  shift, and go to state 10
    '/'  shift, and go to state 11
    '^'  shift, and go to state 12

    OP  go to state 14


state 7

    3 P: E .
    4  | '(' E . ')'

    ')'  shift, and go to state 15

    $default  reduce using rule 3 (P)


state 8

    0 $accept: S $end .

    $default  accept


state 9

   10 OP: '+' .

    $default  reduce using rule 10 (OP)


state 10

    8 OP: '*' .

    $default  reduce using rule 8 (OP)


state 11

    9 OP: '/' .

    $default  reduce using rule 9 (OP)


state 12

    7 OP: '^' .

    $default  reduce using rule 7 (OP)


state 13

    1 S: P S .

    $default  reduce using rule 1 (S)


state 14

    6 E: P OP . P

    Num  shift, and go to state 1
    '('  shift, and go to state 2

    P  go to state 16
    E  go to state 5


state 15

    4 P: '(' E ')' .

    $default  reduce using rule 4 (P)


state 16

    6 E: P . OP P
    6  | P OP P .

    '+'  shift, and go to state 9
    '*'  shift, and go to state 10
    '/'  shift, and go to state 11
    '^'  shift, and go to state 12

    '+'       [reduce using rule 6 (E)]
    '*'       [reduce using rule 6 (E)]
    '/'       [reduce using rule 6 (E)]
    '^'       [reduce using rule 6 (E)]
    $default  reduce using rule 6 (E)

    OP  go to state 14
